<?xml version="1.0" encoding="UTF-8"?>
<testsuite xmlns:xsi="http://www.w3.org/2001/XMLSchema-instance" xsi:noNamespaceSchemaLocation="https://maven.apache.org/surefire/maven-surefire-plugin/xsd/surefire-test-report-3.0.xsd" version="3.0" name="pe.edu.pucp.softpet.dao.PersonaDAOTest" time="5.721" tests="1" errors="0" skipped="0" failures="0">
  <properties>
    <property name="java.specification.version" value="22"/>
    <property name="sun.cpu.isalist" value="amd64"/>
    <property name="sun.jnu.encoding" value="Cp1252"/>
    <property name="java.class.path" value="D:\PROGRAMAS\C++_java\CICLO_6\REPOSITORIOS_De_Progr3\PETMEDICALCARE\Proyecto_PetMedicalCare\Backups\BackupAmaru\SoftPetPersistance\target\test-classes;D:\PROGRAMAS\C++_java\CICLO_6\REPOSITORIOS_De_Progr3\PETMEDICALCARE\Proyecto_PetMedicalCare\Backups\BackupAmaru\SoftPetPersistance\target\classes;C:\Users\User\.m2\repository\pe\edu\pucp\SoftPetDBManager\1.0-SNAPSHOT\SoftPetDBManager-1.0-SNAPSHOT.jar;C:\Users\User\.m2\repository\commons-codec\commons-codec\1.18.0\commons-codec-1.18.0.jar;C:\Users\User\.m2\repository\com\mysql\mysql-connector-j\9.4.0\mysql-connector-j-9.4.0.jar;C:\Users\User\.m2\repository\com\google\protobuf\protobuf-java\4.31.1\protobuf-java-4.31.1.jar;C:\Users\User\.m2\repository\org\junit\jupiter\junit-jupiter-api\5.10.2\junit-jupiter-api-5.10.2.jar;C:\Users\User\.m2\repository\org\opentest4j\opentest4j\1.3.0\opentest4j-1.3.0.jar;C:\Users\User\.m2\repository\org\junit\platform\junit-platform-commons\1.10.2\junit-platform-commons-1.10.2.jar;C:\Users\User\.m2\repository\org\apiguardian\apiguardian-api\1.1.2\apiguardian-api-1.1.2.jar;C:\Users\User\.m2\repository\org\junit\jupiter\junit-jupiter-params\5.10.2\junit-jupiter-params-5.10.2.jar;C:\Users\User\.m2\repository\org\junit\jupiter\junit-jupiter-engine\5.10.2\junit-jupiter-engine-5.10.2.jar;C:\Users\User\.m2\repository\org\junit\platform\junit-platform-engine\1.10.2\junit-platform-engine-1.10.2.jar;C:\Users\User\.m2\repository\pe\edu\pucp\softpet\SoftPetModel\1.0-SNAPSHOT\SoftPetModel-1.0-SNAPSHOT.jar;"/>
    <property name="java.vm.vendor" value="Oracle Corporation"/>
    <property name="sun.arch.data.model" value="64"/>
    <property name="user.variant" value=""/>
    <property name="java.vendor.url" value="https://java.oracle.com/"/>
    <property name="user.timezone" value="America/Lima"/>
    <property name="os.name" value="Windows 11"/>
    <property name="java.vm.specification.version" value="22"/>
    <property name="user.country" value="PE"/>
    <property name="sun.java.launcher" value="SUN_STANDARD"/>
    <property name="sun.boot.library.path" value="C:\Program Files\Java\jdk-22\bin"/>
    <property name="sun.java.command" value="C:\Users\User\AppData\Local\Temp\surefire10777497873215788611\surefirebooter-20250917003553466_3.jar C:\Users\User\AppData\Local\Temp\surefire10777497873215788611 2025-09-17T00-35-53_374-jvmRun1 surefire-20250917003553466_1tmp surefire_0-20250917003553466_2tmp"/>
    <property name="jdk.debug" value="release"/>
    <property name="surefire.test.class.path" value="D:\PROGRAMAS\C++_java\CICLO_6\REPOSITORIOS_De_Progr3\PETMEDICALCARE\Proyecto_PetMedicalCare\Backups\BackupAmaru\SoftPetPersistance\target\test-classes;D:\PROGRAMAS\C++_java\CICLO_6\REPOSITORIOS_De_Progr3\PETMEDICALCARE\Proyecto_PetMedicalCare\Backups\BackupAmaru\SoftPetPersistance\target\classes;C:\Users\User\.m2\repository\pe\edu\pucp\SoftPetDBManager\1.0-SNAPSHOT\SoftPetDBManager-1.0-SNAPSHOT.jar;C:\Users\User\.m2\repository\commons-codec\commons-codec\1.18.0\commons-codec-1.18.0.jar;C:\Users\User\.m2\repository\com\mysql\mysql-connector-j\9.4.0\mysql-connector-j-9.4.0.jar;C:\Users\User\.m2\repository\com\google\protobuf\protobuf-java\4.31.1\protobuf-java-4.31.1.jar;C:\Users\User\.m2\repository\org\junit\jupiter\junit-jupiter-api\5.10.2\junit-jupiter-api-5.10.2.jar;C:\Users\User\.m2\repository\org\opentest4j\opentest4j\1.3.0\opentest4j-1.3.0.jar;C:\Users\User\.m2\repository\org\junit\platform\junit-platform-commons\1.10.2\junit-platform-commons-1.10.2.jar;C:\Users\User\.m2\repository\org\apiguardian\apiguardian-api\1.1.2\apiguardian-api-1.1.2.jar;C:\Users\User\.m2\repository\org\junit\jupiter\junit-jupiter-params\5.10.2\junit-jupiter-params-5.10.2.jar;C:\Users\User\.m2\repository\org\junit\jupiter\junit-jupiter-engine\5.10.2\junit-jupiter-engine-5.10.2.jar;C:\Users\User\.m2\repository\org\junit\platform\junit-platform-engine\1.10.2\junit-platform-engine-1.10.2.jar;C:\Users\User\.m2\repository\pe\edu\pucp\softpet\SoftPetModel\1.0-SNAPSHOT\SoftPetModel-1.0-SNAPSHOT.jar;"/>
    <property name="sun.cpu.endian" value="little"/>
    <property name="user.home" value="C:\Users\User"/>
    <property name="user.language" value="es"/>
    <property name="java.specification.vendor" value="Oracle Corporation"/>
    <property name="java.version.date" value="2024-07-16"/>
    <property name="java.home" value="C:\Program Files\Java\jdk-22"/>
    <property name="file.separator" value="\"/>
    <property name="basedir" value="D:\PROGRAMAS\C++_java\CICLO_6\REPOSITORIOS_De_Progr3\PETMEDICALCARE\Proyecto_PetMedicalCare\Backups\BackupAmaru\SoftPetPersistance"/>
    <property name="java.vm.compressedOopsMode" value="Zero based"/>
    <property name="line.separator" value="&#10;"/>
    <property name="java.vm.specification.vendor" value="Oracle Corporation"/>
    <property name="java.specification.name" value="Java Platform API Specification"/>
    <property name="surefire.real.class.path" value="C:\Users\User\AppData\Local\Temp\surefire10777497873215788611\surefirebooter-20250917003553466_3.jar"/>
    <property name="user.script" value=""/>
    <property name="sun.management.compiler" value="HotSpot 64-Bit Tiered Compilers"/>
    <property name="java.runtime.version" value="22.0.2+9-70"/>
    <property name="user.name" value="User"/>
    <property name="stdout.encoding" value="Cp1252"/>
    <property name="path.separator" value=";"/>
    <property name="os.version" value="10.0"/>
    <property name="java.runtime.name" value="Java(TM) SE Runtime Environment"/>
    <property name="file.encoding" value="UTF-8"/>
    <property name="java.vm.name" value="Java HotSpot(TM) 64-Bit Server VM"/>
    <property name="maven.ext.class.path" value="C:\Program Files\NetBeans-22\netbeans\java\maven-nblib\netbeans-eventspy.jar"/>
    <property name="localRepository" value="C:\Users\User\.m2\repository"/>
    <property name="java.vendor.url.bug" value="https://bugreport.java.com/bugreport/"/>
    <property name="java.io.tmpdir" value="C:\Users\User\AppData\Local\Temp\"/>
    <property name="java.version" value="22.0.2"/>
    <property name="user.dir" value="D:\PROGRAMAS\C++_java\CICLO_6\REPOSITORIOS_De_Progr3\PETMEDICALCARE\Proyecto_PetMedicalCare\Backups\BackupAmaru\SoftPetPersistance"/>
    <property name="os.arch" value="amd64"/>
    <property name="java.vm.specification.name" value="Java Virtual Machine Specification"/>
    <property name="sun.os.patch.level" value=""/>
    <property name="native.encoding" value="Cp1252"/>
    <property name="java.library.path" value="C:\Program Files\Java\jdk-22\bin;C:\WINDOWS\Sun\Java\bin;C:\WINDOWS\system32;C:\WINDOWS;C:\Program Files\Oracle Client for Microsoft Tools\;C:\Program Files\Java\jdk-24\bin;C:\app\User\product\21c\dbhomeXE\bin;C:\Program Files\Common Files\Oracle\Java\javapath;C:\Program Files\Eclipse Adoptium\jdk-21.0.4.7-hotspot\bin;C:\Program Files (x86)\Common Files\Oracle\Java\java8path;C:\Program Files (x86)\Common Files\Oracle\Java\javapath;C:\Program Files (x86)\Common Files\Intel\Shared Libraries\redist\intel64\compiler;C:\WINDOWS\system32;C:\WINDOWS;C:\WINDOWS\System32\Wbem;C:\WINDOWS\System32\WindowsPowerShell\v1.0\;C:\WINDOWS\System32\OpenSSH\;C:\Program Files\Git\cmd;C:\Program Files\dotnet\;C:\ProgramData\chocolatey\bin;C:\MinGW\bin;C:\MinGW\msys\1.0\bin;C:\Windows\Microsoft.NET\Framework64\v4.0.30319;C:\Program Files\JetBrains\CLion 2025.2\bin\mingw\bin;C:\Program Files\JetBrains\CLion 2025.2\bin;C:\Users\User\AppData\Local\Programs\Python\Python312\Scripts\;C:\Users\User\AppData\Local\Programs\Python\Python312\;C:\Users\User\AppData\Local\Microsoft\WindowsApps;C:\Users\User\AppData\Local\Programs\Microsoft VS Code\bin;C:\Users\User\AppData\Local\Programs\Ollama;C:\Users\User\.dotnet\tools;C:\Users\User\AppData\Local\GitHubDesktop\bin;."/>
    <property name="java.vm.info" value="mixed mode, sharing"/>
    <property name="stderr.encoding" value="Cp1252"/>
    <property name="java.vendor" value="Oracle Corporation"/>
    <property name="java.vm.version" value="22.0.2+9-70"/>
    <property name="sun.io.unicode.encoding" value="UnicodeLittle"/>
    <property name="java.class.version" value="66.0"/>
  </properties>
  <testcase name="Datos_Usados_En_Los_CRUDs" classname="pe.edu.pucp.softpet.dao.PersonaDAOTest" time="5.705">
    <system-out><![CDATA[INSERTAR
OBETENER POR ID
jdbc:mysql://petmedicalcare-db.cb00kc8g8po3.us-east-1.rds.amazonaws.com:3306/PETMEDICALCARE
ENTRE A COLOCAR STATEMENTE
null
ID DE LA PERSONA 25: NuevoNombre225
MODIFICACION
ENTRE A LA PRIMERA FUNCION MODIFICAR
ENTRE A LA SEGUNDA FUNCION MODIFICAR
jdbc:mysql://petmedicalcare-db.cb00kc8g8po3.us-east-1.rds.amazonaws.com:3306/PETMEDICALCARE
dml_ UPDATE PERSONA SET NOMBRE=?, DIRECCION=?, CORREO=?, TELEFONO=?, SEXO=?, TIPO_PERSONA=?, TIPO_DOCUMENTO=?, NRO_DOCUMENTO=? WHERE PERSONA_ID=?
ENTRE A COLOCAR STATEMENTE
com.mysql.cj.jdbc.CallableStatement: SELECT PERSONA_ID, NOMBRE, DIRECCION, CORREO, TELEFONO, SEXO, TIPO_PERSONA, TIPO_DOCUMENTO, NRO_DOCUMENTO FROM PERSONA WHERE PERSONA_ID=** NOT SPECIFIED **
VALUES DE MODIFICACION: com.mysql.cj.jdbc.CallableStatement: UPDATE PERSONA SET NOMBRE='NuevoNombre2', DIRECCION='Direccion de Juan', CORREO='.pepito@.com', TELEFONO='900100200', SEXO='FEMENINO', TIPO_PERSONA='CLIENTE', TIPO_DOCUMENTO='DNI', NRO_DOCUMENTO='12345678' WHERE PERSONA_ID=25
RESULTADO FINAL: UPDATE PERSONA SET NOMBRE=?, DIRECCION=?, CORREO=?, TELEFONO=?, SEXO=?, TIPO_PERSONA=?, TIPO_DOCUMENTO=?, NRO_DOCUMENTO=? WHERE PERSONA_ID=?
LISTARTODOS Con modificacion
jdbc:mysql://petmedicalcare-db.cb00kc8g8po3.us-east-1.rds.amazonaws.com:3306/PETMEDICALCARE
ENTRE A COLOCAR STATEMENTE
com.mysql.cj.jdbc.CallableStatement: UPDATE PERSONA SET NOMBRE=** NOT SPECIFIED **, DIRECCION=** NOT SPECIFIED **, CORREO=** NOT SPECIFIED **, TELEFONO=** NOT SPECIFIED **, SEXO=** NOT SPECIFIED **, TIPO_PERSONA=** NOT SPECIFIED **, TIPO_DOCUMENTO=** NOT SPECIFIED **, NRO_DOCUMENTO=** NOT SPECIFIED ** WHERE PERSONA_ID=** NOT SPECIFIED **
Juan - 23
NuevoNombre2 - 25
Juan - 33
Juan Pérez - 34
Juan - 48
Juan Pérez - 49
Juan - 50
Amaru Varillas - 52
Juan - 55
Martin Sahur Villalobos - 56
Juan - 60
DueñoHist - 62
Dueño Base - 63
Actualizado_65 - 65
Actualizado_66 - 66
Actualizado_67 - 67
ELIMINAR
jdbc:mysql://petmedicalcare-db.cb00kc8g8po3.us-east-1.rds.amazonaws.com:3306/PETMEDICALCARE
ENTRE A COLOCAR STATEMENTE
com.mysql.cj.jdbc.CallableStatement: SELECT PERSONA_ID, NOMBRE, DIRECCION, CORREO, TELEFONO, SEXO, TIPO_PERSONA, TIPO_DOCUMENTO, NRO_DOCUMENTO FROM PERSONA
jdbc:mysql://petmedicalcare-db.cb00kc8g8po3.us-east-1.rds.amazonaws.com:3306/PETMEDICALCARE
dml_ DELETE FROM PERSONA WHERE PERSONA_ID=?
ENTRE A COLOCAR STATEMENTE
com.mysql.cj.jdbc.CallableStatement: SELECT PERSONA_ID, NOMBRE, DIRECCION, CORREO, TELEFONO, SEXO, TIPO_PERSONA, TIPO_DOCUMENTO, NRO_DOCUMENTO FROM PERSONA WHERE PERSONA_ID=** NOT SPECIFIED **
RESULTADO FINAL: DELETE FROM PERSONA WHERE PERSONA_ID=?
]]></system-out>
  </testcase>
</testsuite>