<?xml version="1.0" encoding="UTF-8"?>
<testsuite xmlns:xsi="http://www.w3.org/2001/XMLSchema-instance" xsi:noNamespaceSchemaLocation="https://maven.apache.org/surefire/maven-surefire-plugin/xsd/surefire-test-report-3.0.xsd" version="3.0" name="pe.edu.pucp.softpet.dao.TipoProductoDAOTest" time="8.96" tests="5" errors="2" skipped="0" failures="2">
  <properties>
    <property name="java.specification.version" value="22"/>
    <property name="sun.cpu.isalist" value="amd64"/>
    <property name="sun.jnu.encoding" value="Cp1252"/>
    <property name="java.class.path" value="D:\PROGRAMAS\C++_java\CICLO_6\REPOSITORIOS_De_Progr3\PETMEDICALCARE\Proyecto_PetMedicalCare\Backups\BackupAdri\BackupAdri2\SoftPetPersistance\target\test-classes;D:\PROGRAMAS\C++_java\CICLO_6\REPOSITORIOS_De_Progr3\PETMEDICALCARE\Proyecto_PetMedicalCare\Backups\BackupAdri\BackupAdri2\SoftPetPersistance\target\classes;C:\Users\User\.m2\repository\pe\edu\pucp\SoftPetDBManager\1.0-SNAPSHOT\SoftPetDBManager-1.0-SNAPSHOT.jar;C:\Users\User\.m2\repository\commons-codec\commons-codec\1.18.0\commons-codec-1.18.0.jar;C:\Users\User\.m2\repository\com\mysql\mysql-connector-j\9.4.0\mysql-connector-j-9.4.0.jar;C:\Users\User\.m2\repository\com\google\protobuf\protobuf-java\4.31.1\protobuf-java-4.31.1.jar;C:\Users\User\.m2\repository\org\junit\jupiter\junit-jupiter-api\5.10.2\junit-jupiter-api-5.10.2.jar;C:\Users\User\.m2\repository\org\opentest4j\opentest4j\1.3.0\opentest4j-1.3.0.jar;C:\Users\User\.m2\repository\org\junit\platform\junit-platform-commons\1.10.2\junit-platform-commons-1.10.2.jar;C:\Users\User\.m2\repository\org\apiguardian\apiguardian-api\1.1.2\apiguardian-api-1.1.2.jar;C:\Users\User\.m2\repository\org\junit\jupiter\junit-jupiter-params\5.10.2\junit-jupiter-params-5.10.2.jar;C:\Users\User\.m2\repository\org\junit\jupiter\junit-jupiter-engine\5.10.2\junit-jupiter-engine-5.10.2.jar;C:\Users\User\.m2\repository\org\junit\platform\junit-platform-engine\1.10.2\junit-platform-engine-1.10.2.jar;C:\Users\User\.m2\repository\pe\edu\pucp\softpet\SoftPetModel\1.0-SNAPSHOT\SoftPetModel-1.0-SNAPSHOT.jar;"/>
    <property name="java.vm.vendor" value="Oracle Corporation"/>
    <property name="sun.arch.data.model" value="64"/>
    <property name="user.variant" value=""/>
    <property name="java.vendor.url" value="https://java.oracle.com/"/>
    <property name="user.timezone" value="America/Lima"/>
    <property name="os.name" value="Windows 11"/>
    <property name="java.vm.specification.version" value="22"/>
    <property name="user.country" value="PE"/>
    <property name="sun.java.launcher" value="SUN_STANDARD"/>
    <property name="sun.boot.library.path" value="C:\Program Files\Java\jdk-22\bin"/>
    <property name="sun.java.command" value="C:\Users\User\AppData\Local\Temp\surefire16565581026548257990\surefirebooter-20250917013849730_3.jar C:\Users\User\AppData\Local\Temp\surefire16565581026548257990 2025-09-17T01-38-49_638-jvmRun1 surefire-20250917013849730_1tmp surefire_0-20250917013849730_2tmp"/>
    <property name="jdk.debug" value="release"/>
    <property name="surefire.test.class.path" value="D:\PROGRAMAS\C++_java\CICLO_6\REPOSITORIOS_De_Progr3\PETMEDICALCARE\Proyecto_PetMedicalCare\Backups\BackupAdri\BackupAdri2\SoftPetPersistance\target\test-classes;D:\PROGRAMAS\C++_java\CICLO_6\REPOSITORIOS_De_Progr3\PETMEDICALCARE\Proyecto_PetMedicalCare\Backups\BackupAdri\BackupAdri2\SoftPetPersistance\target\classes;C:\Users\User\.m2\repository\pe\edu\pucp\SoftPetDBManager\1.0-SNAPSHOT\SoftPetDBManager-1.0-SNAPSHOT.jar;C:\Users\User\.m2\repository\commons-codec\commons-codec\1.18.0\commons-codec-1.18.0.jar;C:\Users\User\.m2\repository\com\mysql\mysql-connector-j\9.4.0\mysql-connector-j-9.4.0.jar;C:\Users\User\.m2\repository\com\google\protobuf\protobuf-java\4.31.1\protobuf-java-4.31.1.jar;C:\Users\User\.m2\repository\org\junit\jupiter\junit-jupiter-api\5.10.2\junit-jupiter-api-5.10.2.jar;C:\Users\User\.m2\repository\org\opentest4j\opentest4j\1.3.0\opentest4j-1.3.0.jar;C:\Users\User\.m2\repository\org\junit\platform\junit-platform-commons\1.10.2\junit-platform-commons-1.10.2.jar;C:\Users\User\.m2\repository\org\apiguardian\apiguardian-api\1.1.2\apiguardian-api-1.1.2.jar;C:\Users\User\.m2\repository\org\junit\jupiter\junit-jupiter-params\5.10.2\junit-jupiter-params-5.10.2.jar;C:\Users\User\.m2\repository\org\junit\jupiter\junit-jupiter-engine\5.10.2\junit-jupiter-engine-5.10.2.jar;C:\Users\User\.m2\repository\org\junit\platform\junit-platform-engine\1.10.2\junit-platform-engine-1.10.2.jar;C:\Users\User\.m2\repository\pe\edu\pucp\softpet\SoftPetModel\1.0-SNAPSHOT\SoftPetModel-1.0-SNAPSHOT.jar;"/>
    <property name="sun.cpu.endian" value="little"/>
    <property name="user.home" value="C:\Users\User"/>
    <property name="user.language" value="es"/>
    <property name="java.specification.vendor" value="Oracle Corporation"/>
    <property name="java.version.date" value="2024-07-16"/>
    <property name="java.home" value="C:\Program Files\Java\jdk-22"/>
    <property name="file.separator" value="\"/>
    <property name="basedir" value="D:\PROGRAMAS\C++_java\CICLO_6\REPOSITORIOS_De_Progr3\PETMEDICALCARE\Proyecto_PetMedicalCare\Backups\BackupAdri\BackupAdri2\SoftPetPersistance"/>
    <property name="java.vm.compressedOopsMode" value="Zero based"/>
    <property name="line.separator" value="&#10;"/>
    <property name="java.vm.specification.vendor" value="Oracle Corporation"/>
    <property name="java.specification.name" value="Java Platform API Specification"/>
    <property name="surefire.real.class.path" value="C:\Users\User\AppData\Local\Temp\surefire16565581026548257990\surefirebooter-20250917013849730_3.jar"/>
    <property name="user.script" value=""/>
    <property name="sun.management.compiler" value="HotSpot 64-Bit Tiered Compilers"/>
    <property name="java.runtime.version" value="22.0.2+9-70"/>
    <property name="user.name" value="User"/>
    <property name="stdout.encoding" value="Cp1252"/>
    <property name="path.separator" value=";"/>
    <property name="os.version" value="10.0"/>
    <property name="java.runtime.name" value="Java(TM) SE Runtime Environment"/>
    <property name="file.encoding" value="UTF-8"/>
    <property name="java.vm.name" value="Java HotSpot(TM) 64-Bit Server VM"/>
    <property name="maven.ext.class.path" value="C:\Program Files\NetBeans-22\netbeans\java\maven-nblib\netbeans-eventspy.jar"/>
    <property name="localRepository" value="C:\Users\User\.m2\repository"/>
    <property name="java.vendor.url.bug" value="https://bugreport.java.com/bugreport/"/>
    <property name="java.io.tmpdir" value="C:\Users\User\AppData\Local\Temp\"/>
    <property name="java.version" value="22.0.2"/>
    <property name="user.dir" value="D:\PROGRAMAS\C++_java\CICLO_6\REPOSITORIOS_De_Progr3\PETMEDICALCARE\Proyecto_PetMedicalCare\Backups\BackupAdri\BackupAdri2\SoftPetPersistance"/>
    <property name="os.arch" value="amd64"/>
    <property name="java.vm.specification.name" value="Java Virtual Machine Specification"/>
    <property name="sun.os.patch.level" value=""/>
    <property name="native.encoding" value="Cp1252"/>
    <property name="java.library.path" value="C:\Program Files\Java\jdk-22\bin;C:\WINDOWS\Sun\Java\bin;C:\WINDOWS\system32;C:\WINDOWS;C:\Program Files\Oracle Client for Microsoft Tools\;C:\Program Files\Java\jdk-24\bin;C:\app\User\product\21c\dbhomeXE\bin;C:\Program Files\Common Files\Oracle\Java\javapath;C:\Program Files\Eclipse Adoptium\jdk-21.0.4.7-hotspot\bin;C:\Program Files (x86)\Common Files\Oracle\Java\java8path;C:\Program Files (x86)\Common Files\Oracle\Java\javapath;C:\Program Files (x86)\Common Files\Intel\Shared Libraries\redist\intel64\compiler;C:\WINDOWS\system32;C:\WINDOWS;C:\WINDOWS\System32\Wbem;C:\WINDOWS\System32\WindowsPowerShell\v1.0\;C:\WINDOWS\System32\OpenSSH\;C:\Program Files\Git\cmd;C:\Program Files\dotnet\;C:\ProgramData\chocolatey\bin;C:\MinGW\bin;C:\MinGW\msys\1.0\bin;C:\Windows\Microsoft.NET\Framework64\v4.0.30319;C:\Program Files\JetBrains\CLion 2025.2\bin\mingw\bin;C:\Program Files\JetBrains\CLion 2025.2\bin;C:\Users\User\AppData\Local\Programs\Python\Python312\Scripts\;C:\Users\User\AppData\Local\Programs\Python\Python312\;C:\Users\User\AppData\Local\Microsoft\WindowsApps;C:\Users\User\AppData\Local\Programs\Microsoft VS Code\bin;C:\Users\User\AppData\Local\Programs\Ollama;C:\Users\User\.dotnet\tools;C:\Users\User\AppData\Local\GitHubDesktop\bin;."/>
    <property name="java.vm.info" value="mixed mode, sharing"/>
    <property name="stderr.encoding" value="Cp1252"/>
    <property name="java.vendor" value="Oracle Corporation"/>
    <property name="java.vm.version" value="22.0.2+9-70"/>
    <property name="sun.io.unicode.encoding" value="UnicodeLittle"/>
    <property name="java.class.version" value="66.0"/>
  </properties>
  <testcase name="testModificar" classname="pe.edu.pucp.softpet.dao.TipoProductoDAOTest" time="2.238">
    <error message="Cannot invoke &quot;java.lang.Integer.intValue()&quot; because the return value of &quot;pe.edu.pucp.softpet.model.productosDTO.TipoProductosDTO.getTipo_producto_id()&quot; is null" type="java.lang.NullPointerException"><![CDATA[java.lang.NullPointerException: Cannot invoke "java.lang.Integer.intValue()" because the return value of "pe.edu.pucp.softpet.model.productosDTO.TipoProductosDTO.getTipo_producto_id()" is null
	at pe.edu.pucp.softpet.daoImpl.TipoProductoDAOImpl.incluirValorDeParametrosParaModificacion(TipoProductoDAOImpl.java:59)
	at pe.edu.pucp.softpet.daoImpl.base.DAOImplBase.ejecuta_DML(DAOImplBase.java:110)
	at pe.edu.pucp.softpet.daoImpl.base.DAOImplBase.modificar(DAOImplBase.java:80)
	at pe.edu.pucp.softpet.daoImpl.TipoProductoDAOImpl.modificar(TipoProductoDAOImpl.java:91)
	at pe.edu.pucp.softpet.dao.TipoProductoDAOTest.testModificar(TipoProductoDAOTest.java:72)
	at java.base/java.lang.reflect.Method.invoke(Method.java:580)
	at java.base/java.util.ArrayList.forEach(ArrayList.java:1597)
	at java.base/java.util.ArrayList.forEach(ArrayList.java:1597)
]]></error>
    <system-out><![CDATA[TipoProducto - modificar
jdbc:mysql://petmedicalcare-db.cb00kc8g8po3.us-east-1.rds.amazonaws.com:3306/PETMEDICALCARE
dml_ INSERT INTO TIPO_PRODUCTO(NOMBRE, DESCRIPCION) VALUES (?, ?)
dml_HECHO-> INSERT INTO TIPO_PRODUCTO(NOMBRE, DESCRIPCION) VALUES (?, ?)
jdbc:mysql://petmedicalcare-db.cb00kc8g8po3.us-east-1.rds.amazonaws.com:3306/PETMEDICALCARE
dml_ UPDATE TIPO_PRODUCTO SET NOMBRE=?, DESCRIPCION=? WHERE ID_TIPO_PRODUCTO=?
]]></system-out>
  </testcase>
  <testcase name="testObtenerPorId" classname="pe.edu.pucp.softpet.dao.TipoProductoDAOTest" time="2.054">
    <error message="Cannot invoke &quot;java.lang.Integer.intValue()&quot; because the return value of &quot;pe.edu.pucp.softpet.model.productosDTO.TipoProductosDTO.getTipo_producto_id()&quot; is null" type="java.lang.NullPointerException"><![CDATA[java.lang.NullPointerException: Cannot invoke "java.lang.Integer.intValue()" because the return value of "pe.edu.pucp.softpet.model.productosDTO.TipoProductosDTO.getTipo_producto_id()" is null
	at pe.edu.pucp.softpet.daoImpl.TipoProductoDAOImpl.incluirValorDeParametrosParaObtenerPorId(TipoProductoDAOImpl.java:98)
	at pe.edu.pucp.softpet.daoImpl.base.DAOImplBase.obtenerPorId(DAOImplBase.java:275)
	at pe.edu.pucp.softpet.daoImpl.TipoProductoDAOImpl.obtenerPorId(TipoProductoDAOImpl.java:79)
	at pe.edu.pucp.softpet.dao.TipoProductoDAOTest.testObtenerPorId(TipoProductoDAOTest.java:48)
	at java.base/java.lang.reflect.Method.invoke(Method.java:580)
	at java.base/java.util.ArrayList.forEach(ArrayList.java:1597)
	at java.base/java.util.ArrayList.forEach(ArrayList.java:1597)
]]></error>
    <system-out><![CDATA[TipoProducto - obtenerPorId
jdbc:mysql://petmedicalcare-db.cb00kc8g8po3.us-east-1.rds.amazonaws.com:3306/PETMEDICALCARE
dml_ INSERT INTO TIPO_PRODUCTO(NOMBRE, DESCRIPCION) VALUES (?, ?)
dml_HECHO-> INSERT INTO TIPO_PRODUCTO(NOMBRE, DESCRIPCION) VALUES (?, ?)
jdbc:mysql://petmedicalcare-db.cb00kc8g8po3.us-east-1.rds.amazonaws.com:3306/PETMEDICALCARE
]]></system-out>
  </testcase>
  <testcase name="testEliminar" classname="pe.edu.pucp.softpet.dao.TipoProductoDAOTest" time="0.0"/>
  <testcase name="testInsertar" classname="pe.edu.pucp.softpet.dao.TipoProductoDAOTest" time="1.251">
    <failure message="expected: not &lt;null&gt;" type="org.opentest4j.AssertionFailedError"><![CDATA[org.opentest4j.AssertionFailedError: expected: not <null>
	at org.junit.jupiter.api.AssertionFailureBuilder.build(AssertionFailureBuilder.java:152)
	at org.junit.jupiter.api.AssertionFailureBuilder.buildAndThrow(AssertionFailureBuilder.java:132)
	at org.junit.jupiter.api.AssertNotNull.failNull(AssertNotNull.java:49)
	at org.junit.jupiter.api.AssertNotNull.assertNotNull(AssertNotNull.java:35)
	at org.junit.jupiter.api.AssertNotNull.assertNotNull(AssertNotNull.java:30)
	at org.junit.jupiter.api.Assertions.assertNotNull(Assertions.java:304)
	at pe.edu.pucp.softpet.dao.TipoProductoDAOTest.testInsertar(TipoProductoDAOTest.java:35)
	at java.base/java.lang.reflect.Method.invoke(Method.java:580)
	at java.base/java.util.ArrayList.forEach(ArrayList.java:1597)
	at java.base/java.util.ArrayList.forEach(ArrayList.java:1597)
]]></failure>
    <system-out><![CDATA[TipoProducto - insertar
jdbc:mysql://petmedicalcare-db.cb00kc8g8po3.us-east-1.rds.amazonaws.com:3306/PETMEDICALCARE
dml_ INSERT INTO TIPO_PRODUCTO(NOMBRE, DESCRIPCION) VALUES (?, ?)
dml_HECHO-> INSERT INTO TIPO_PRODUCTO(NOMBRE, DESCRIPCION) VALUES (?, ?)
]]></system-out>
  </testcase>
  <testcase name="testListarTodos" classname="pe.edu.pucp.softpet.dao.TipoProductoDAOTest" time="3.409">
    <failure message="expected: &lt;true&gt; but was: &lt;false&gt;" type="org.opentest4j.AssertionFailedError"><![CDATA[org.opentest4j.AssertionFailedError: expected: <true> but was: <false>
	at org.junit.jupiter.api.AssertionFailureBuilder.build(AssertionFailureBuilder.java:151)
	at org.junit.jupiter.api.AssertionFailureBuilder.buildAndThrow(AssertionFailureBuilder.java:132)
	at org.junit.jupiter.api.AssertTrue.failNotTrue(AssertTrue.java:63)
	at org.junit.jupiter.api.AssertTrue.assertTrue(AssertTrue.java:36)
	at org.junit.jupiter.api.AssertTrue.assertTrue(AssertTrue.java:31)
	at org.junit.jupiter.api.Assertions.assertTrue(Assertions.java:183)
	at pe.edu.pucp.softpet.dao.TipoProductoDAOTest.testListarTodos(TipoProductoDAOTest.java:61)
	at java.base/java.lang.reflect.Method.invoke(Method.java:580)
	at java.base/java.util.ArrayList.forEach(ArrayList.java:1597)
	at java.base/java.util.ArrayList.forEach(ArrayList.java:1597)
]]></failure>
    <system-out><![CDATA[TipoProducto - listarTodos
jdbc:mysql://petmedicalcare-db.cb00kc8g8po3.us-east-1.rds.amazonaws.com:3306/PETMEDICALCARE
dml_ INSERT INTO TIPO_PRODUCTO(NOMBRE, DESCRIPCION) VALUES (?, ?)
dml_HECHO-> INSERT INTO TIPO_PRODUCTO(NOMBRE, DESCRIPCION) VALUES (?, ?)
jdbc:mysql://petmedicalcare-db.cb00kc8g8po3.us-east-1.rds.amazonaws.com:3306/PETMEDICALCARE
dml_ INSERT INTO TIPO_PRODUCTO(NOMBRE, DESCRIPCION) VALUES (?, ?)
dml_HECHO-> INSERT INTO TIPO_PRODUCTO(NOMBRE, DESCRIPCION) VALUES (?, ?)
jdbc:mysql://petmedicalcare-db.cb00kc8g8po3.us-east-1.rds.amazonaws.com:3306/PETMEDICALCARE
]]></system-out>
    <system-err><![CDATA[Error al intentar listarTodos - java.sql.SQLSyntaxErrorException: Unknown column 'ID_TIPO_PRODUCTO' in 'field list'
]]></system-err>
  </testcase>
</testsuite>