<?xml version="1.0" encoding="UTF-8"?>
<testsuite xmlns:xsi="http://www.w3.org/2001/XMLSchema-instance" xsi:noNamespaceSchemaLocation="https://maven.apache.org/surefire/maven-surefire-plugin/xsd/surefire-test-report-3.0.xsd" version="3.0" name="pe.edu.pucp.softpet.daoImp.ProductoDaoImplTest" time="48.266" tests="1" errors="0" skipped="0" failures="0">
  <properties>
    <property name="java.specification.version" value="24"/>
    <property name="sun.cpu.isalist" value="amd64"/>
    <property name="sun.jnu.encoding" value="Cp1252"/>
    <property name="java.class.path" value="D:\PROGRAMAS\C++_java\CICLO_6\REPOSITORIOS_De_Progr3\Proyecto_PetMedicalCare\SoftPruebas\SoftPetPersistance\target\test-classes;D:\PROGRAMAS\C++_java\CICLO_6\REPOSITORIOS_De_Progr3\Proyecto_PetMedicalCare\SoftPruebas\SoftPetPersistance\target\classes;C:\Users\User\.m2\repository\pe\edu\pucp\SoftPetModel\1.0-SNAPSHOT\SoftPetModel-1.0-SNAPSHOT.jar;C:\Users\User\.m2\repository\pe\edu\pucp\SoftPetBDManager\1.0-SNAPSHOT\SoftPetBDManager-1.0-SNAPSHOT.jar;C:\Users\User\.m2\repository\commons-codec\commons-codec\1.18.0\commons-codec-1.18.0.jar;C:\Users\User\.m2\repository\com\mysql\mysql-connector-j\9.2.0\mysql-connector-j-9.2.0.jar;C:\Users\User\.m2\repository\com\google\protobuf\protobuf-java\4.29.0\protobuf-java-4.29.0.jar;C:\Users\User\.m2\repository\com\microsoft\sqlserver\mssql-jdbc\12.10.0.jre8\mssql-jdbc-12.10.0.jre8.jar;C:\Users\User\.m2\repository\org\junit\jupiter\junit-jupiter-api\5.10.3\junit-jupiter-api-5.10.3.jar;C:\Users\User\.m2\repository\org\opentest4j\opentest4j\1.3.0\opentest4j-1.3.0.jar;C:\Users\User\.m2\repository\org\junit\platform\junit-platform-commons\1.10.3\junit-platform-commons-1.10.3.jar;C:\Users\User\.m2\repository\org\apiguardian\apiguardian-api\1.1.2\apiguardian-api-1.1.2.jar;C:\Users\User\.m2\repository\org\junit\jupiter\junit-jupiter-params\5.10.3\junit-jupiter-params-5.10.3.jar;C:\Users\User\.m2\repository\org\junit\jupiter\junit-jupiter-engine\5.10.3\junit-jupiter-engine-5.10.3.jar;C:\Users\User\.m2\repository\org\junit\platform\junit-platform-engine\1.10.3\junit-platform-engine-1.10.3.jar;"/>
    <property name="java.vm.vendor" value="Oracle Corporation"/>
    <property name="sun.arch.data.model" value="64"/>
    <property name="user.variant" value=""/>
    <property name="java.vendor.url" value="https://java.oracle.com/"/>
    <property name="user.timezone" value="America/Lima"/>
    <property name="os.name" value="Windows 11"/>
    <property name="java.vm.specification.version" value="24"/>
    <property name="user.country" value="PE"/>
    <property name="sun.java.launcher" value="SUN_STANDARD"/>
    <property name="sun.boot.library.path" value="C:\Program Files\Java\jdk-24\bin"/>
    <property name="sun.java.command" value="C:\Users\User\AppData\Local\Temp\surefire4079251535352643922\surefirebooter-20251007221353420_3.jar C:\Users\User\AppData\Local\Temp\surefire4079251535352643922 2025-10-07T22-13-53_327-jvmRun1 surefire-20251007221353420_1tmp surefire_0-20251007221353420_2tmp"/>
    <property name="jdk.debug" value="release"/>
    <property name="surefire.test.class.path" value="D:\PROGRAMAS\C++_java\CICLO_6\REPOSITORIOS_De_Progr3\Proyecto_PetMedicalCare\SoftPruebas\SoftPetPersistance\target\test-classes;D:\PROGRAMAS\C++_java\CICLO_6\REPOSITORIOS_De_Progr3\Proyecto_PetMedicalCare\SoftPruebas\SoftPetPersistance\target\classes;C:\Users\User\.m2\repository\pe\edu\pucp\SoftPetModel\1.0-SNAPSHOT\SoftPetModel-1.0-SNAPSHOT.jar;C:\Users\User\.m2\repository\pe\edu\pucp\SoftPetBDManager\1.0-SNAPSHOT\SoftPetBDManager-1.0-SNAPSHOT.jar;C:\Users\User\.m2\repository\commons-codec\commons-codec\1.18.0\commons-codec-1.18.0.jar;C:\Users\User\.m2\repository\com\mysql\mysql-connector-j\9.2.0\mysql-connector-j-9.2.0.jar;C:\Users\User\.m2\repository\com\google\protobuf\protobuf-java\4.29.0\protobuf-java-4.29.0.jar;C:\Users\User\.m2\repository\com\microsoft\sqlserver\mssql-jdbc\12.10.0.jre8\mssql-jdbc-12.10.0.jre8.jar;C:\Users\User\.m2\repository\org\junit\jupiter\junit-jupiter-api\5.10.3\junit-jupiter-api-5.10.3.jar;C:\Users\User\.m2\repository\org\opentest4j\opentest4j\1.3.0\opentest4j-1.3.0.jar;C:\Users\User\.m2\repository\org\junit\platform\junit-platform-commons\1.10.3\junit-platform-commons-1.10.3.jar;C:\Users\User\.m2\repository\org\apiguardian\apiguardian-api\1.1.2\apiguardian-api-1.1.2.jar;C:\Users\User\.m2\repository\org\junit\jupiter\junit-jupiter-params\5.10.3\junit-jupiter-params-5.10.3.jar;C:\Users\User\.m2\repository\org\junit\jupiter\junit-jupiter-engine\5.10.3\junit-jupiter-engine-5.10.3.jar;C:\Users\User\.m2\repository\org\junit\platform\junit-platform-engine\1.10.3\junit-platform-engine-1.10.3.jar;"/>
    <property name="sun.cpu.endian" value="little"/>
    <property name="user.home" value="C:\Users\User"/>
    <property name="user.language" value="es"/>
    <property name="java.specification.vendor" value="Oracle Corporation"/>
    <property name="java.version.date" value="2025-07-15"/>
    <property name="java.home" value="C:\Program Files\Java\jdk-24"/>
    <property name="file.separator" value="\"/>
    <property name="basedir" value="D:\PROGRAMAS\C++_java\CICLO_6\REPOSITORIOS_De_Progr3\Proyecto_PetMedicalCare\SoftPruebas\SoftPetPersistance"/>
    <property name="java.vm.compressedOopsMode" value="Zero based"/>
    <property name="line.separator" value="&#10;"/>
    <property name="java.vm.specification.vendor" value="Oracle Corporation"/>
    <property name="java.specification.name" value="Java Platform API Specification"/>
    <property name="surefire.real.class.path" value="C:\Users\User\AppData\Local\Temp\surefire4079251535352643922\surefirebooter-20251007221353420_3.jar"/>
    <property name="user.script" value=""/>
    <property name="sun.management.compiler" value="HotSpot 64-Bit Tiered Compilers"/>
    <property name="java.runtime.version" value="24.0.2+12-54"/>
    <property name="user.name" value="User"/>
    <property name="stdout.encoding" value="Cp1252"/>
    <property name="path.separator" value=";"/>
    <property name="os.version" value="10.0"/>
    <property name="java.runtime.name" value="Java(TM) SE Runtime Environment"/>
    <property name="file.encoding" value="UTF-8"/>
    <property name="java.vm.name" value="Java HotSpot(TM) 64-Bit Server VM"/>
    <property name="maven.ext.class.path" value="C:\Program Files\NetBeans-25\netbeans\java\maven-nblib\netbeans-eventspy.jar"/>
    <property name="localRepository" value="C:\Users\User\.m2\repository"/>
    <property name="java.vendor.url.bug" value="https://bugreport.java.com/bugreport/"/>
    <property name="java.io.tmpdir" value="C:\Users\User\AppData\Local\Temp\"/>
    <property name="java.version" value="24.0.2"/>
    <property name="user.dir" value="D:\PROGRAMAS\C++_java\CICLO_6\REPOSITORIOS_De_Progr3\Proyecto_PetMedicalCare\SoftPruebas\SoftPetPersistance"/>
    <property name="os.arch" value="amd64"/>
    <property name="java.vm.specification.name" value="Java Virtual Machine Specification"/>
    <property name="sun.os.patch.level" value=""/>
    <property name="native.encoding" value="Cp1252"/>
    <property name="java.library.path" value="C:\Program Files\Java\jdk-24\bin;C:\WINDOWS\Sun\Java\bin;C:\WINDOWS\system32;C:\WINDOWS;C:\Program Files\Oracle Client for Microsoft Tools\;C:\Program Files\Java\jdk-24\bin;C:\app\User\product\21c\dbhomeXE\bin;C:\Program Files\Common Files\Oracle\Java\javapath;C:\Program Files\Eclipse Adoptium\jdk-21.0.4.7-hotspot\bin;C:\Program Files (x86)\Common Files\Oracle\Java\java8path;C:\Program Files (x86)\Common Files\Oracle\Java\javapath;C:\Program Files (x86)\Common Files\Intel\Shared Libraries\redist\intel64\compiler;C:\WINDOWS\system32;C:\WINDOWS;C:\WINDOWS\System32\Wbem;C:\WINDOWS\System32\WindowsPowerShell\v1.0\;C:\WINDOWS\System32\OpenSSH\;C:\Program Files\Git\cmd;C:\Program Files\dotnet\;C:\ProgramData\chocolatey\bin;C:\MinGW\bin;C:\MinGW\msys\1.0\bin;C:\Windows\Microsoft.NET\Framework64\v4.0.30319;C:\Program Files\JetBrains\CLion 2025.2\bin\mingw\bin;C:\Program Files\JetBrains\CLion 2025.2\bin;C:\Users\User\AppData\Local\Programs\Python\Python312\Scripts\;C:\Users\User\AppData\Local\Programs\Python\Python312\;C:\Users\User\AppData\Local\Microsoft\WindowsApps;C:\Users\User\AppData\Local\Programs\Microsoft VS Code\bin;C:\Users\User\AppData\Local\Programs\Ollama;C:\Users\User\.dotnet\tools;C:\Users\User\AppData\Local\GitHubDesktop\bin;."/>
    <property name="java.vm.info" value="mixed mode, sharing"/>
    <property name="stderr.encoding" value="Cp1252"/>
    <property name="java.vendor" value="Oracle Corporation"/>
    <property name="java.vm.version" value="24.0.2+12-54"/>
    <property name="sun.io.unicode.encoding" value="UnicodeLittle"/>
    <property name="java.class.version" value="68.0"/>
  </properties>
  <testcase name="TesteoCrud" classname="pe.edu.pucp.softpet.daoImp.ProductoDaoImplTest" time="48.251">
    <system-out><![CDATA[
=======================================================
 TEST: TESTEO DE PRODUCTO
=======================================================
Insertar
Usuario: admin
Contraseña: HQNjvnm1uU5WFsS6XDXnRA==
URL: jdbc:mysql://softpet-db.cdqj9uesoo0i.us-east-1.rds.amazonaws.com:3306/petmedicalcare
------>com.mysql.cj.jdbc.ClientPreparedStatement: SET @app_user := ** NOT SPECIFIED **
------>com.mysql.cj.jdbc.ClientPreparedStatement: SET @app_user := 'user_backend'
Colocar SQL: INSERT INTO PRODUCTOS(NOMBRE, PRESENTACION, PRECIO_UNITARIO, ACTIVO, TIPO_PRODUCTO_ID) VALUES (?, ?, ?, ?, ?)
CRUD-> com.mysql.cj.jdbc.CallableStatement: INSERT INTO PRODUCTOS(NOMBRE, PRESENTACION, PRECIO_UNITARIO, ACTIVO, TIPO_PRODUCTO_ID) VALUES ('BACK1', 'JAVA2', 34.5, 1, 1)
OBETNER ID
Usuario: admin
Contraseña: HQNjvnm1uU5WFsS6XDXnRA==
URL: jdbc:mysql://softpet-db.cdqj9uesoo0i.us-east-1.rds.amazonaws.com:3306/petmedicalcare
Colocar SQL: SELECT PRODUCTO_ID, NOMBRE, PRESENTACION, PRECIO_UNITARIO, ACTIVO, TIPO_PRODUCTO_ID FROM PRODUCTOS WHERE PRODUCTO_ID=?
Usuario: admin
Contraseña: HQNjvnm1uU5WFsS6XDXnRA==
URL: jdbc:mysql://softpet-db.cdqj9uesoo0i.us-east-1.rds.amazonaws.com:3306/petmedicalcare
Colocar SQL: SELECT TIPO_PRODUCTO_ID, NOMBRE, DESCRIPCION, ACTIVO FROM TIPOS_PRODUCTO WHERE TIPO_PRODUCTO_ID=?
SELECT  -> com.mysql.cj.jdbc.CallableStatement: SELECT TIPO_PRODUCTO_ID, NOMBRE, DESCRIPCION, ACTIVO FROM TIPOS_PRODUCTO WHERE TIPO_PRODUCTO_ID=2
SELECT  -> com.mysql.cj.jdbc.CallableStatement: SELECT PRODUCTO_ID, NOMBRE, PRESENTACION, PRECIO_UNITARIO, ACTIVO, TIPO_PRODUCTO_ID FROM PRODUCTOS WHERE PRODUCTO_ID=2
producto ->Collar antipulgas
Usuario: admin
Contraseña: HQNjvnm1uU5WFsS6XDXnRA==
URL: jdbc:mysql://softpet-db.cdqj9uesoo0i.us-east-1.rds.amazonaws.com:3306/petmedicalcare
Colocar SQL: SELECT PRODUCTO_ID, NOMBRE, PRESENTACION, PRECIO_UNITARIO, ACTIVO, TIPO_PRODUCTO_ID FROM PRODUCTOS
Usuario: admin
Contraseña: HQNjvnm1uU5WFsS6XDXnRA==
URL: jdbc:mysql://softpet-db.cdqj9uesoo0i.us-east-1.rds.amazonaws.com:3306/petmedicalcare
Colocar SQL: SELECT TIPO_PRODUCTO_ID, NOMBRE, DESCRIPCION, ACTIVO FROM TIPOS_PRODUCTO WHERE TIPO_PRODUCTO_ID=?
SELECT  -> com.mysql.cj.jdbc.CallableStatement: SELECT TIPO_PRODUCTO_ID, NOMBRE, DESCRIPCION, ACTIVO FROM TIPOS_PRODUCTO WHERE TIPO_PRODUCTO_ID=1
Usuario: admin
Contraseña: HQNjvnm1uU5WFsS6XDXnRA==
URL: jdbc:mysql://softpet-db.cdqj9uesoo0i.us-east-1.rds.amazonaws.com:3306/petmedicalcare
Colocar SQL: SELECT TIPO_PRODUCTO_ID, NOMBRE, DESCRIPCION, ACTIVO FROM TIPOS_PRODUCTO WHERE TIPO_PRODUCTO_ID=?
SELECT  -> com.mysql.cj.jdbc.CallableStatement: SELECT TIPO_PRODUCTO_ID, NOMBRE, DESCRIPCION, ACTIVO FROM TIPOS_PRODUCTO WHERE TIPO_PRODUCTO_ID=2
Usuario: admin
Contraseña: HQNjvnm1uU5WFsS6XDXnRA==
URL: jdbc:mysql://softpet-db.cdqj9uesoo0i.us-east-1.rds.amazonaws.com:3306/petmedicalcare
Colocar SQL: SELECT TIPO_PRODUCTO_ID, NOMBRE, DESCRIPCION, ACTIVO FROM TIPOS_PRODUCTO WHERE TIPO_PRODUCTO_ID=?
SELECT  -> com.mysql.cj.jdbc.CallableStatement: SELECT TIPO_PRODUCTO_ID, NOMBRE, DESCRIPCION, ACTIVO FROM TIPOS_PRODUCTO WHERE TIPO_PRODUCTO_ID=1
Usuario: admin
Contraseña: HQNjvnm1uU5WFsS6XDXnRA==
URL: jdbc:mysql://softpet-db.cdqj9uesoo0i.us-east-1.rds.amazonaws.com:3306/petmedicalcare
Colocar SQL: SELECT TIPO_PRODUCTO_ID, NOMBRE, DESCRIPCION, ACTIVO FROM TIPOS_PRODUCTO WHERE TIPO_PRODUCTO_ID=?
SELECT  -> com.mysql.cj.jdbc.CallableStatement: SELECT TIPO_PRODUCTO_ID, NOMBRE, DESCRIPCION, ACTIVO FROM TIPOS_PRODUCTO WHERE TIPO_PRODUCTO_ID=1
Usuario: admin
Contraseña: HQNjvnm1uU5WFsS6XDXnRA==
URL: jdbc:mysql://softpet-db.cdqj9uesoo0i.us-east-1.rds.amazonaws.com:3306/petmedicalcare
Colocar SQL: SELECT TIPO_PRODUCTO_ID, NOMBRE, DESCRIPCION, ACTIVO FROM TIPOS_PRODUCTO WHERE TIPO_PRODUCTO_ID=?
SELECT  -> com.mysql.cj.jdbc.CallableStatement: SELECT TIPO_PRODUCTO_ID, NOMBRE, DESCRIPCION, ACTIVO FROM TIPOS_PRODUCTO WHERE TIPO_PRODUCTO_ID=1
Usuario: admin
Contraseña: HQNjvnm1uU5WFsS6XDXnRA==
URL: jdbc:mysql://softpet-db.cdqj9uesoo0i.us-east-1.rds.amazonaws.com:3306/petmedicalcare
Colocar SQL: SELECT TIPO_PRODUCTO_ID, NOMBRE, DESCRIPCION, ACTIVO FROM TIPOS_PRODUCTO WHERE TIPO_PRODUCTO_ID=?
SELECT  -> com.mysql.cj.jdbc.CallableStatement: SELECT TIPO_PRODUCTO_ID, NOMBRE, DESCRIPCION, ACTIVO FROM TIPOS_PRODUCTO WHERE TIPO_PRODUCTO_ID=1
Usuario: admin
Contraseña: HQNjvnm1uU5WFsS6XDXnRA==
URL: jdbc:mysql://softpet-db.cdqj9uesoo0i.us-east-1.rds.amazonaws.com:3306/petmedicalcare
Colocar SQL: SELECT TIPO_PRODUCTO_ID, NOMBRE, DESCRIPCION, ACTIVO FROM TIPOS_PRODUCTO WHERE TIPO_PRODUCTO_ID=?
SELECT  -> com.mysql.cj.jdbc.CallableStatement: SELECT TIPO_PRODUCTO_ID, NOMBRE, DESCRIPCION, ACTIVO FROM TIPOS_PRODUCTO WHERE TIPO_PRODUCTO_ID=1
Usuario: admin
Contraseña: HQNjvnm1uU5WFsS6XDXnRA==
URL: jdbc:mysql://softpet-db.cdqj9uesoo0i.us-east-1.rds.amazonaws.com:3306/petmedicalcare
Colocar SQL: SELECT TIPO_PRODUCTO_ID, NOMBRE, DESCRIPCION, ACTIVO FROM TIPOS_PRODUCTO WHERE TIPO_PRODUCTO_ID=?
SELECT  -> com.mysql.cj.jdbc.CallableStatement: SELECT TIPO_PRODUCTO_ID, NOMBRE, DESCRIPCION, ACTIVO FROM TIPOS_PRODUCTO WHERE TIPO_PRODUCTO_ID=1
Usuario: admin
Contraseña: HQNjvnm1uU5WFsS6XDXnRA==
URL: jdbc:mysql://softpet-db.cdqj9uesoo0i.us-east-1.rds.amazonaws.com:3306/petmedicalcare
Colocar SQL: SELECT TIPO_PRODUCTO_ID, NOMBRE, DESCRIPCION, ACTIVO FROM TIPOS_PRODUCTO WHERE TIPO_PRODUCTO_ID=?
SELECT  -> com.mysql.cj.jdbc.CallableStatement: SELECT TIPO_PRODUCTO_ID, NOMBRE, DESCRIPCION, ACTIVO FROM TIPOS_PRODUCTO WHERE TIPO_PRODUCTO_ID=1
Usuario: admin
Contraseña: HQNjvnm1uU5WFsS6XDXnRA==
URL: jdbc:mysql://softpet-db.cdqj9uesoo0i.us-east-1.rds.amazonaws.com:3306/petmedicalcare
Colocar SQL: SELECT TIPO_PRODUCTO_ID, NOMBRE, DESCRIPCION, ACTIVO FROM TIPOS_PRODUCTO WHERE TIPO_PRODUCTO_ID=?
SELECT  -> com.mysql.cj.jdbc.CallableStatement: SELECT TIPO_PRODUCTO_ID, NOMBRE, DESCRIPCION, ACTIVO FROM TIPOS_PRODUCTO WHERE TIPO_PRODUCTO_ID=1
Usuario: admin
Contraseña: HQNjvnm1uU5WFsS6XDXnRA==
URL: jdbc:mysql://softpet-db.cdqj9uesoo0i.us-east-1.rds.amazonaws.com:3306/petmedicalcare
Colocar SQL: SELECT TIPO_PRODUCTO_ID, NOMBRE, DESCRIPCION, ACTIVO FROM TIPOS_PRODUCTO WHERE TIPO_PRODUCTO_ID=?
SELECT  -> com.mysql.cj.jdbc.CallableStatement: SELECT TIPO_PRODUCTO_ID, NOMBRE, DESCRIPCION, ACTIVO FROM TIPOS_PRODUCTO WHERE TIPO_PRODUCTO_ID=1
Usuario: admin
Contraseña: HQNjvnm1uU5WFsS6XDXnRA==
URL: jdbc:mysql://softpet-db.cdqj9uesoo0i.us-east-1.rds.amazonaws.com:3306/petmedicalcare
Colocar SQL: SELECT TIPO_PRODUCTO_ID, NOMBRE, DESCRIPCION, ACTIVO FROM TIPOS_PRODUCTO WHERE TIPO_PRODUCTO_ID=?
SELECT  -> com.mysql.cj.jdbc.CallableStatement: SELECT TIPO_PRODUCTO_ID, NOMBRE, DESCRIPCION, ACTIVO FROM TIPOS_PRODUCTO WHERE TIPO_PRODUCTO_ID=1
Usuario: admin
Contraseña: HQNjvnm1uU5WFsS6XDXnRA==
URL: jdbc:mysql://softpet-db.cdqj9uesoo0i.us-east-1.rds.amazonaws.com:3306/petmedicalcare
Colocar SQL: SELECT TIPO_PRODUCTO_ID, NOMBRE, DESCRIPCION, ACTIVO FROM TIPOS_PRODUCTO WHERE TIPO_PRODUCTO_ID=?
SELECT  -> com.mysql.cj.jdbc.CallableStatement: SELECT TIPO_PRODUCTO_ID, NOMBRE, DESCRIPCION, ACTIVO FROM TIPOS_PRODUCTO WHERE TIPO_PRODUCTO_ID=1
Usuario: admin
Contraseña: HQNjvnm1uU5WFsS6XDXnRA==
URL: jdbc:mysql://softpet-db.cdqj9uesoo0i.us-east-1.rds.amazonaws.com:3306/petmedicalcare
Colocar SQL: SELECT TIPO_PRODUCTO_ID, NOMBRE, DESCRIPCION, ACTIVO FROM TIPOS_PRODUCTO WHERE TIPO_PRODUCTO_ID=?
SELECT  -> com.mysql.cj.jdbc.CallableStatement: SELECT TIPO_PRODUCTO_ID, NOMBRE, DESCRIPCION, ACTIVO FROM TIPOS_PRODUCTO WHERE TIPO_PRODUCTO_ID=1
Usuario: admin
Contraseña: HQNjvnm1uU5WFsS6XDXnRA==
URL: jdbc:mysql://softpet-db.cdqj9uesoo0i.us-east-1.rds.amazonaws.com:3306/petmedicalcare
Colocar SQL: SELECT TIPO_PRODUCTO_ID, NOMBRE, DESCRIPCION, ACTIVO FROM TIPOS_PRODUCTO WHERE TIPO_PRODUCTO_ID=?
SELECT  -> com.mysql.cj.jdbc.CallableStatement: SELECT TIPO_PRODUCTO_ID, NOMBRE, DESCRIPCION, ACTIVO FROM TIPOS_PRODUCTO WHERE TIPO_PRODUCTO_ID=1
Usuario: admin
Contraseña: HQNjvnm1uU5WFsS6XDXnRA==
URL: jdbc:mysql://softpet-db.cdqj9uesoo0i.us-east-1.rds.amazonaws.com:3306/petmedicalcare
Colocar SQL: SELECT TIPO_PRODUCTO_ID, NOMBRE, DESCRIPCION, ACTIVO FROM TIPOS_PRODUCTO WHERE TIPO_PRODUCTO_ID=?
SELECT  -> com.mysql.cj.jdbc.CallableStatement: SELECT TIPO_PRODUCTO_ID, NOMBRE, DESCRIPCION, ACTIVO FROM TIPOS_PRODUCTO WHERE TIPO_PRODUCTO_ID=1
Usuario: admin
Contraseña: HQNjvnm1uU5WFsS6XDXnRA==
URL: jdbc:mysql://softpet-db.cdqj9uesoo0i.us-east-1.rds.amazonaws.com:3306/petmedicalcare
Colocar SQL: SELECT TIPO_PRODUCTO_ID, NOMBRE, DESCRIPCION, ACTIVO FROM TIPOS_PRODUCTO WHERE TIPO_PRODUCTO_ID=?
SELECT  -> com.mysql.cj.jdbc.CallableStatement: SELECT TIPO_PRODUCTO_ID, NOMBRE, DESCRIPCION, ACTIVO FROM TIPOS_PRODUCTO WHERE TIPO_PRODUCTO_ID=1
Usuario: admin
Contraseña: HQNjvnm1uU5WFsS6XDXnRA==
URL: jdbc:mysql://softpet-db.cdqj9uesoo0i.us-east-1.rds.amazonaws.com:3306/petmedicalcare
Colocar SQL: SELECT TIPO_PRODUCTO_ID, NOMBRE, DESCRIPCION, ACTIVO FROM TIPOS_PRODUCTO WHERE TIPO_PRODUCTO_ID=?
SELECT  -> com.mysql.cj.jdbc.CallableStatement: SELECT TIPO_PRODUCTO_ID, NOMBRE, DESCRIPCION, ACTIVO FROM TIPOS_PRODUCTO WHERE TIPO_PRODUCTO_ID=1
Usuario: admin
Contraseña: HQNjvnm1uU5WFsS6XDXnRA==
URL: jdbc:mysql://softpet-db.cdqj9uesoo0i.us-east-1.rds.amazonaws.com:3306/petmedicalcare
Colocar SQL: SELECT TIPO_PRODUCTO_ID, NOMBRE, DESCRIPCION, ACTIVO FROM TIPOS_PRODUCTO WHERE TIPO_PRODUCTO_ID=?
SELECT  -> com.mysql.cj.jdbc.CallableStatement: SELECT TIPO_PRODUCTO_ID, NOMBRE, DESCRIPCION, ACTIVO FROM TIPOS_PRODUCTO WHERE TIPO_PRODUCTO_ID=1
Usuario: admin
Contraseña: HQNjvnm1uU5WFsS6XDXnRA==
URL: jdbc:mysql://softpet-db.cdqj9uesoo0i.us-east-1.rds.amazonaws.com:3306/petmedicalcare
Colocar SQL: SELECT TIPO_PRODUCTO_ID, NOMBRE, DESCRIPCION, ACTIVO FROM TIPOS_PRODUCTO WHERE TIPO_PRODUCTO_ID=?
SELECT  -> com.mysql.cj.jdbc.CallableStatement: SELECT TIPO_PRODUCTO_ID, NOMBRE, DESCRIPCION, ACTIVO FROM TIPOS_PRODUCTO WHERE TIPO_PRODUCTO_ID=1
Usuario: admin
Contraseña: HQNjvnm1uU5WFsS6XDXnRA==
URL: jdbc:mysql://softpet-db.cdqj9uesoo0i.us-east-1.rds.amazonaws.com:3306/petmedicalcare
Colocar SQL: SELECT TIPO_PRODUCTO_ID, NOMBRE, DESCRIPCION, ACTIVO FROM TIPOS_PRODUCTO WHERE TIPO_PRODUCTO_ID=?
SELECT  -> com.mysql.cj.jdbc.CallableStatement: SELECT TIPO_PRODUCTO_ID, NOMBRE, DESCRIPCION, ACTIVO FROM TIPOS_PRODUCTO WHERE TIPO_PRODUCTO_ID=1
Usuario: admin
Contraseña: HQNjvnm1uU5WFsS6XDXnRA==
URL: jdbc:mysql://softpet-db.cdqj9uesoo0i.us-east-1.rds.amazonaws.com:3306/petmedicalcare
Colocar SQL: SELECT TIPO_PRODUCTO_ID, NOMBRE, DESCRIPCION, ACTIVO FROM TIPOS_PRODUCTO WHERE TIPO_PRODUCTO_ID=?
SELECT  -> com.mysql.cj.jdbc.CallableStatement: SELECT TIPO_PRODUCTO_ID, NOMBRE, DESCRIPCION, ACTIVO FROM TIPOS_PRODUCTO WHERE TIPO_PRODUCTO_ID=1
Usuario: admin
Contraseña: HQNjvnm1uU5WFsS6XDXnRA==
URL: jdbc:mysql://softpet-db.cdqj9uesoo0i.us-east-1.rds.amazonaws.com:3306/petmedicalcare
Colocar SQL: SELECT TIPO_PRODUCTO_ID, NOMBRE, DESCRIPCION, ACTIVO FROM TIPOS_PRODUCTO WHERE TIPO_PRODUCTO_ID=?
SELECT  -> com.mysql.cj.jdbc.CallableStatement: SELECT TIPO_PRODUCTO_ID, NOMBRE, DESCRIPCION, ACTIVO FROM TIPOS_PRODUCTO WHERE TIPO_PRODUCTO_ID=1
Usuario: admin
Contraseña: HQNjvnm1uU5WFsS6XDXnRA==
URL: jdbc:mysql://softpet-db.cdqj9uesoo0i.us-east-1.rds.amazonaws.com:3306/petmedicalcare
Colocar SQL: SELECT TIPO_PRODUCTO_ID, NOMBRE, DESCRIPCION, ACTIVO FROM TIPOS_PRODUCTO WHERE TIPO_PRODUCTO_ID=?
SELECT  -> com.mysql.cj.jdbc.CallableStatement: SELECT TIPO_PRODUCTO_ID, NOMBRE, DESCRIPCION, ACTIVO FROM TIPOS_PRODUCTO WHERE TIPO_PRODUCTO_ID=1
Usuario: admin
Contraseña: HQNjvnm1uU5WFsS6XDXnRA==
URL: jdbc:mysql://softpet-db.cdqj9uesoo0i.us-east-1.rds.amazonaws.com:3306/petmedicalcare
Colocar SQL: SELECT TIPO_PRODUCTO_ID, NOMBRE, DESCRIPCION, ACTIVO FROM TIPOS_PRODUCTO WHERE TIPO_PRODUCTO_ID=?
SELECT  -> com.mysql.cj.jdbc.CallableStatement: SELECT TIPO_PRODUCTO_ID, NOMBRE, DESCRIPCION, ACTIVO FROM TIPOS_PRODUCTO WHERE TIPO_PRODUCTO_ID=1
Usuario: admin
Contraseña: HQNjvnm1uU5WFsS6XDXnRA==
URL: jdbc:mysql://softpet-db.cdqj9uesoo0i.us-east-1.rds.amazonaws.com:3306/petmedicalcare
Colocar SQL: SELECT TIPO_PRODUCTO_ID, NOMBRE, DESCRIPCION, ACTIVO FROM TIPOS_PRODUCTO WHERE TIPO_PRODUCTO_ID=?
SELECT  -> com.mysql.cj.jdbc.CallableStatement: SELECT TIPO_PRODUCTO_ID, NOMBRE, DESCRIPCION, ACTIVO FROM TIPOS_PRODUCTO WHERE TIPO_PRODUCTO_ID=1
Usuario: admin
Contraseña: HQNjvnm1uU5WFsS6XDXnRA==
URL: jdbc:mysql://softpet-db.cdqj9uesoo0i.us-east-1.rds.amazonaws.com:3306/petmedicalcare
Colocar SQL: SELECT TIPO_PRODUCTO_ID, NOMBRE, DESCRIPCION, ACTIVO FROM TIPOS_PRODUCTO WHERE TIPO_PRODUCTO_ID=?
SELECT  -> com.mysql.cj.jdbc.CallableStatement: SELECT TIPO_PRODUCTO_ID, NOMBRE, DESCRIPCION, ACTIVO FROM TIPOS_PRODUCTO WHERE TIPO_PRODUCTO_ID=1
Usuario: admin
Contraseña: HQNjvnm1uU5WFsS6XDXnRA==
URL: jdbc:mysql://softpet-db.cdqj9uesoo0i.us-east-1.rds.amazonaws.com:3306/petmedicalcare
Colocar SQL: SELECT TIPO_PRODUCTO_ID, NOMBRE, DESCRIPCION, ACTIVO FROM TIPOS_PRODUCTO WHERE TIPO_PRODUCTO_ID=?
SELECT  -> com.mysql.cj.jdbc.CallableStatement: SELECT TIPO_PRODUCTO_ID, NOMBRE, DESCRIPCION, ACTIVO FROM TIPOS_PRODUCTO WHERE TIPO_PRODUCTO_ID=1
Usuario: admin
Contraseña: HQNjvnm1uU5WFsS6XDXnRA==
URL: jdbc:mysql://softpet-db.cdqj9uesoo0i.us-east-1.rds.amazonaws.com:3306/petmedicalcare
Colocar SQL: SELECT TIPO_PRODUCTO_ID, NOMBRE, DESCRIPCION, ACTIVO FROM TIPOS_PRODUCTO WHERE TIPO_PRODUCTO_ID=?
SELECT  -> com.mysql.cj.jdbc.CallableStatement: SELECT TIPO_PRODUCTO_ID, NOMBRE, DESCRIPCION, ACTIVO FROM TIPOS_PRODUCTO WHERE TIPO_PRODUCTO_ID=1
Usuario: admin
Contraseña: HQNjvnm1uU5WFsS6XDXnRA==
URL: jdbc:mysql://softpet-db.cdqj9uesoo0i.us-east-1.rds.amazonaws.com:3306/petmedicalcare
Colocar SQL: SELECT TIPO_PRODUCTO_ID, NOMBRE, DESCRIPCION, ACTIVO FROM TIPOS_PRODUCTO WHERE TIPO_PRODUCTO_ID=?
SELECT  -> com.mysql.cj.jdbc.CallableStatement: SELECT TIPO_PRODUCTO_ID, NOMBRE, DESCRIPCION, ACTIVO FROM TIPOS_PRODUCTO WHERE TIPO_PRODUCTO_ID=1
Usuario: admin
Contraseña: HQNjvnm1uU5WFsS6XDXnRA==
URL: jdbc:mysql://softpet-db.cdqj9uesoo0i.us-east-1.rds.amazonaws.com:3306/petmedicalcare
Colocar SQL: SELECT TIPO_PRODUCTO_ID, NOMBRE, DESCRIPCION, ACTIVO FROM TIPOS_PRODUCTO WHERE TIPO_PRODUCTO_ID=?
SELECT  -> com.mysql.cj.jdbc.CallableStatement: SELECT TIPO_PRODUCTO_ID, NOMBRE, DESCRIPCION, ACTIVO FROM TIPOS_PRODUCTO WHERE TIPO_PRODUCTO_ID=1
Usuario: admin
Contraseña: HQNjvnm1uU5WFsS6XDXnRA==
URL: jdbc:mysql://softpet-db.cdqj9uesoo0i.us-east-1.rds.amazonaws.com:3306/petmedicalcare
Colocar SQL: SELECT TIPO_PRODUCTO_ID, NOMBRE, DESCRIPCION, ACTIVO FROM TIPOS_PRODUCTO WHERE TIPO_PRODUCTO_ID=?
SELECT  -> com.mysql.cj.jdbc.CallableStatement: SELECT TIPO_PRODUCTO_ID, NOMBRE, DESCRIPCION, ACTIVO FROM TIPOS_PRODUCTO WHERE TIPO_PRODUCTO_ID=1
Usuario: admin
Contraseña: HQNjvnm1uU5WFsS6XDXnRA==
URL: jdbc:mysql://softpet-db.cdqj9uesoo0i.us-east-1.rds.amazonaws.com:3306/petmedicalcare
Colocar SQL: SELECT TIPO_PRODUCTO_ID, NOMBRE, DESCRIPCION, ACTIVO FROM TIPOS_PRODUCTO WHERE TIPO_PRODUCTO_ID=?
SELECT  -> com.mysql.cj.jdbc.CallableStatement: SELECT TIPO_PRODUCTO_ID, NOMBRE, DESCRIPCION, ACTIVO FROM TIPOS_PRODUCTO WHERE TIPO_PRODUCTO_ID=1
Usuario: admin
Contraseña: HQNjvnm1uU5WFsS6XDXnRA==
URL: jdbc:mysql://softpet-db.cdqj9uesoo0i.us-east-1.rds.amazonaws.com:3306/petmedicalcare
Colocar SQL: SELECT TIPO_PRODUCTO_ID, NOMBRE, DESCRIPCION, ACTIVO FROM TIPOS_PRODUCTO WHERE TIPO_PRODUCTO_ID=?
SELECT  -> com.mysql.cj.jdbc.CallableStatement: SELECT TIPO_PRODUCTO_ID, NOMBRE, DESCRIPCION, ACTIVO FROM TIPOS_PRODUCTO WHERE TIPO_PRODUCTO_ID=1
Usuario: admin
Contraseña: HQNjvnm1uU5WFsS6XDXnRA==
URL: jdbc:mysql://softpet-db.cdqj9uesoo0i.us-east-1.rds.amazonaws.com:3306/petmedicalcare
Colocar SQL: SELECT TIPO_PRODUCTO_ID, NOMBRE, DESCRIPCION, ACTIVO FROM TIPOS_PRODUCTO WHERE TIPO_PRODUCTO_ID=?
SELECT  -> com.mysql.cj.jdbc.CallableStatement: SELECT TIPO_PRODUCTO_ID, NOMBRE, DESCRIPCION, ACTIVO FROM TIPOS_PRODUCTO WHERE TIPO_PRODUCTO_ID=1
cant de todo->>>>> 35
Usuario: admin
Contraseña: HQNjvnm1uU5WFsS6XDXnRA==
URL: jdbc:mysql://softpet-db.cdqj9uesoo0i.us-east-1.rds.amazonaws.com:3306/petmedicalcare
Colocar SQL: SELECT * FROM PRODUCTOS p JOIN TIPOS_PRODUCTO tp ON tp.tipo_producto_id=p.tipo_producto_id WHERE tp.nombre LIKE ?
Usuario: admin
Contraseña: HQNjvnm1uU5WFsS6XDXnRA==
URL: jdbc:mysql://softpet-db.cdqj9uesoo0i.us-east-1.rds.amazonaws.com:3306/petmedicalcare
Colocar SQL: SELECT TIPO_PRODUCTO_ID, NOMBRE, DESCRIPCION, ACTIVO FROM TIPOS_PRODUCTO WHERE TIPO_PRODUCTO_ID=?
SELECT  -> com.mysql.cj.jdbc.CallableStatement: SELECT TIPO_PRODUCTO_ID, NOMBRE, DESCRIPCION, ACTIVO FROM TIPOS_PRODUCTO WHERE TIPO_PRODUCTO_ID=2
cant por Listar por tipo-> 1
Usuario: admin
Contraseña: HQNjvnm1uU5WFsS6XDXnRA==
URL: jdbc:mysql://softpet-db.cdqj9uesoo0i.us-east-1.rds.amazonaws.com:3306/petmedicalcare
Colocar SQL: SELECT * FROM PRODUCTOS p WHERE p.nombre LIKE ?
Usuario: admin
Contraseña: HQNjvnm1uU5WFsS6XDXnRA==
URL: jdbc:mysql://softpet-db.cdqj9uesoo0i.us-east-1.rds.amazonaws.com:3306/petmedicalcare
Colocar SQL: SELECT TIPO_PRODUCTO_ID, NOMBRE, DESCRIPCION, ACTIVO FROM TIPOS_PRODUCTO WHERE TIPO_PRODUCTO_ID=?
SELECT  -> com.mysql.cj.jdbc.CallableStatement: SELECT TIPO_PRODUCTO_ID, NOMBRE, DESCRIPCION, ACTIVO FROM TIPOS_PRODUCTO WHERE TIPO_PRODUCTO_ID=1
Usuario: admin
Contraseña: HQNjvnm1uU5WFsS6XDXnRA==
URL: jdbc:mysql://softpet-db.cdqj9uesoo0i.us-east-1.rds.amazonaws.com:3306/petmedicalcare
Colocar SQL: SELECT TIPO_PRODUCTO_ID, NOMBRE, DESCRIPCION, ACTIVO FROM TIPOS_PRODUCTO WHERE TIPO_PRODUCTO_ID=?
SELECT  -> com.mysql.cj.jdbc.CallableStatement: SELECT TIPO_PRODUCTO_ID, NOMBRE, DESCRIPCION, ACTIVO FROM TIPOS_PRODUCTO WHERE TIPO_PRODUCTO_ID=1
Usuario: admin
Contraseña: HQNjvnm1uU5WFsS6XDXnRA==
URL: jdbc:mysql://softpet-db.cdqj9uesoo0i.us-east-1.rds.amazonaws.com:3306/petmedicalcare
Colocar SQL: SELECT TIPO_PRODUCTO_ID, NOMBRE, DESCRIPCION, ACTIVO FROM TIPOS_PRODUCTO WHERE TIPO_PRODUCTO_ID=?
SELECT  -> com.mysql.cj.jdbc.CallableStatement: SELECT TIPO_PRODUCTO_ID, NOMBRE, DESCRIPCION, ACTIVO FROM TIPOS_PRODUCTO WHERE TIPO_PRODUCTO_ID=1
Usuario: admin
Contraseña: HQNjvnm1uU5WFsS6XDXnRA==
URL: jdbc:mysql://softpet-db.cdqj9uesoo0i.us-east-1.rds.amazonaws.com:3306/petmedicalcare
Colocar SQL: SELECT TIPO_PRODUCTO_ID, NOMBRE, DESCRIPCION, ACTIVO FROM TIPOS_PRODUCTO WHERE TIPO_PRODUCTO_ID=?
SELECT  -> com.mysql.cj.jdbc.CallableStatement: SELECT TIPO_PRODUCTO_ID, NOMBRE, DESCRIPCION, ACTIVO FROM TIPOS_PRODUCTO WHERE TIPO_PRODUCTO_ID=1
Usuario: admin
Contraseña: HQNjvnm1uU5WFsS6XDXnRA==
URL: jdbc:mysql://softpet-db.cdqj9uesoo0i.us-east-1.rds.amazonaws.com:3306/petmedicalcare
Colocar SQL: SELECT TIPO_PRODUCTO_ID, NOMBRE, DESCRIPCION, ACTIVO FROM TIPOS_PRODUCTO WHERE TIPO_PRODUCTO_ID=?
SELECT  -> com.mysql.cj.jdbc.CallableStatement: SELECT TIPO_PRODUCTO_ID, NOMBRE, DESCRIPCION, ACTIVO FROM TIPOS_PRODUCTO WHERE TIPO_PRODUCTO_ID=1
Usuario: admin
Contraseña: HQNjvnm1uU5WFsS6XDXnRA==
URL: jdbc:mysql://softpet-db.cdqj9uesoo0i.us-east-1.rds.amazonaws.com:3306/petmedicalcare
Colocar SQL: SELECT TIPO_PRODUCTO_ID, NOMBRE, DESCRIPCION, ACTIVO FROM TIPOS_PRODUCTO WHERE TIPO_PRODUCTO_ID=?
SELECT  -> com.mysql.cj.jdbc.CallableStatement: SELECT TIPO_PRODUCTO_ID, NOMBRE, DESCRIPCION, ACTIVO FROM TIPOS_PRODUCTO WHERE TIPO_PRODUCTO_ID=1
Usuario: admin
Contraseña: HQNjvnm1uU5WFsS6XDXnRA==
URL: jdbc:mysql://softpet-db.cdqj9uesoo0i.us-east-1.rds.amazonaws.com:3306/petmedicalcare
Colocar SQL: SELECT TIPO_PRODUCTO_ID, NOMBRE, DESCRIPCION, ACTIVO FROM TIPOS_PRODUCTO WHERE TIPO_PRODUCTO_ID=?
SELECT  -> com.mysql.cj.jdbc.CallableStatement: SELECT TIPO_PRODUCTO_ID, NOMBRE, DESCRIPCION, ACTIVO FROM TIPOS_PRODUCTO WHERE TIPO_PRODUCTO_ID=1
Usuario: admin
Contraseña: HQNjvnm1uU5WFsS6XDXnRA==
URL: jdbc:mysql://softpet-db.cdqj9uesoo0i.us-east-1.rds.amazonaws.com:3306/petmedicalcare
Colocar SQL: SELECT TIPO_PRODUCTO_ID, NOMBRE, DESCRIPCION, ACTIVO FROM TIPOS_PRODUCTO WHERE TIPO_PRODUCTO_ID=?
SELECT  -> com.mysql.cj.jdbc.CallableStatement: SELECT TIPO_PRODUCTO_ID, NOMBRE, DESCRIPCION, ACTIVO FROM TIPOS_PRODUCTO WHERE TIPO_PRODUCTO_ID=1
cant por Listar por Nombre-> 8
modifica
ID INSERTADO ANTES->82
Usuario: admin
Contraseña: HQNjvnm1uU5WFsS6XDXnRA==
URL: jdbc:mysql://softpet-db.cdqj9uesoo0i.us-east-1.rds.amazonaws.com:3306/petmedicalcare
------>com.mysql.cj.jdbc.ClientPreparedStatement: SET @app_user := ** NOT SPECIFIED **
------>com.mysql.cj.jdbc.ClientPreparedStatement: SET @app_user := 'user_backend'
Colocar SQL: UPDATE PRODUCTOS SET NOMBRE=?, PRESENTACION=?, PRECIO_UNITARIO=?, ACTIVO=?, TIPO_PRODUCTO_ID=? WHERE PRODUCTO_ID=?
CRUD-> com.mysql.cj.jdbc.CallableStatement: UPDATE PRODUCTOS SET NOMBRE='Modificacion Prueba', PRESENTACION='Back_javav2', PRECIO_UNITARIO=34.5, ACTIVO=1, TIPO_PRODUCTO_ID=1 WHERE PRODUCTO_ID=82
elimina
inidce a eliminar-> 4
Usuario: admin
Contraseña: HQNjvnm1uU5WFsS6XDXnRA==
URL: jdbc:mysql://softpet-db.cdqj9uesoo0i.us-east-1.rds.amazonaws.com:3306/petmedicalcare
------>com.mysql.cj.jdbc.ClientPreparedStatement: SET @app_user := ** NOT SPECIFIED **
------>com.mysql.cj.jdbc.ClientPreparedStatement: SET @app_user := 'user_backend'
Colocar SQL: DELETE FROM PRODUCTOS WHERE PRODUCTO_ID=?
CRUD-> com.mysql.cj.jdbc.CallableStatement: DELETE FROM PRODUCTOS WHERE PRODUCTO_ID=82
RESULTADOS
cant por Listar por Nombre-> 8
cant por Listar por tipo-> 1
cant de todo->>>>> 35
]]></system-out>
    <system-err><![CDATA[SELECT -> com.mysql.cj.jdbc.CallableStatement: SELECT PRODUCTO_ID, NOMBRE, PRESENTACION, PRECIO_UNITARIO, ACTIVO, TIPO_PRODUCTO_ID FROM PRODUCTOS
SELECT -> com.mysql.cj.jdbc.CallableStatement: SELECT * FROM PRODUCTOS p JOIN TIPOS_PRODUCTO tp ON tp.tipo_producto_id=p.tipo_producto_id WHERE tp.nombre LIKE '%Accesorio%'
SELECT -> com.mysql.cj.jdbc.CallableStatement: SELECT * FROM PRODUCTOS p WHERE p.nombre LIKE '%h%'
]]></system-err>
  </testcase>
</testsuite>